<?xml version="1.0" encoding="UTF-8"?>
<testng-results ignored="0" total="1" passed="1" failed="0" skipped="0">
  <reporter-output>
  </reporter-output>
  <suite started-at="2023-02-22T22:50:16 IST" name="Default suite" finished-at="2023-02-22T22:51:13 IST" duration-ms="56402">
    <groups>
    </groups>
    <test started-at="2023-02-22T22:50:16 IST" name="Default test" finished-at="2023-02-22T22:51:13 IST" duration-ms="56402">
      <class name="com.tests.Tc_Login">
        <test-method signature="login_Test()[pri:0, instance:com.tests.Tc_Login@55634720]" started-at="2023-02-22T22:50:16 IST" name="login_Test" finished-at="2023-02-22T22:51:13 IST" duration-ms="56355" status="PASS">
          <reporter-output>
          </reporter-output>
        </test-method> <!-- login_Test -->
      </class> <!-- com.tests.Tc_Login -->
    </test> <!-- Default test -->
  </suite> <!-- Default suite -->
</testng-results>
